<?xml version="1.0" encoding="UTF-8"?>
<!-- Generated by org.testng.reporters.JUnitXMLReporter -->
<testsuite ignored="0" hostname="SAVADE" failures="1" tests="1" name="Test" time="9.265" errors="0" timestamp="2025-07-03T08:22:44 CDT">
  <testcase classname="com.lambdatest.tests.ProgressBarTest" name="testProgressBarPercentage" time="2.82">
    <failure type="java.lang.AssertionError" message="The following asserts failed:
	
 Percentage is not 1000%
 expected [1000%] but found [100%]">
      <![CDATA[java.lang.AssertionError: The following asserts failed:

 Percentage is not 1000%
 expected [1000%] but found [100%]
at com.lambdatest.tests.ProgressBarTest.testProgressBarPercentage(ProgressBarTest.java:25)
at java.base/java.util.ArrayList.forEach(ArrayList.java:1604)
... Removed 27 stack frames]]>
    </failure>
  </testcase> <!-- testProgressBarPercentage -->
</testsuite> <!-- Test -->
